This is XeTeX, Version 3.14159265-2.6-0.999991 (TeX Live 2019/Debian) (preloaded format=xelatex 2022.1.8)  30 AUG 2022 18:06
entering extended mode
 \write18 enabled.
 file:line:error style messages enabled.
 %&-line parsing enabled.
**/home/jenny/Documents/PhD/RAMICES/Update_Jack/reset-delete/RAMICES_II/docs/dox/latex/refman.tex
(/home/jenny/Documents/PhD/RAMICES/Update_Jack/reset-delete/RAMICES_II/docs/dox/latex/refman.tex
LaTeX2e <2020-02-02> patch level 2
L3 programming layer <2020-02-14> (/usr/share/texlive/texmf-dist/tex/latex/base/book.cls
Document Class: book 2019/12/20 v1.4l Standard LaTeX document class
(/usr/share/texlive/texmf-dist/tex/latex/base/bk10.clo
File: bk10.clo 2019/12/20 v1.4l Standard LaTeX file (size option)
)
\c@part=\count163
\c@chapter=\count164
\c@section=\count165
\c@subsection=\count166
\c@subsubsection=\count167
\c@paragraph=\count168
\c@subparagraph=\count169
\c@figure=\count170
\c@table=\count171
\abovecaptionskip=\skip47
\belowcaptionskip=\skip48
\bibindent=\dimen134
) (/usr/share/texlive/texmf-dist/tex/latex/base/ifthen.sty
Package: ifthen 2014/09/29 v1.1c Standard LaTeX ifthen package (DPC)
) (/usr/share/texlive/texmf-dist/tex/latex/tools/array.sty
Rollback for package 'array' requested -> date 2016-10-06.
         Best approximation is the release introduced on 2016-10-06.
 (/usr/share/texlive/texmf-dist/tex/latex/tools/array-2016-10-06.sty
Package: array 2016/10/06 v2.4d Tabular extension package (FMi)
\col@sep=\dimen135
\extrarowheight=\dimen136
\NC@list=\toks14
\extratabsurround=\skip49
\backup@length=\skip50
)) (/usr/share/texlive/texmf-dist/tex/latex/base/fixltx2e.sty
Package: fixltx2e 2016/12/29 v2.1a fixes to LaTeX (obsolete)
Applying: [2015/01/01] Old fixltx2e package on input line 46.


Package fixltx2e Warning: fixltx2e is not required with releases after 2015
(fixltx2e)                All fixes are now in the LaTeX kernel.
(fixltx2e)                See the latexrelease package for details.

Already applied: [0000/00/00] Old fixltx2e package on input line 53.
) (/home/jenny/Documents/PhD/RAMICES/Update_Jack/reset-delete/RAMICES_II/docs/dox/latex/doxygen.sty
Package: doxygen 
 (/usr/share/texlive/texmf-dist/tex/latex/base/alltt.sty
Package: alltt 1997/06/16 v2.0g defines alltt environment
) (/usr/share/texlive/texmf-dist/tex/latex/tools/calc.sty
Package: calc 2017/05/25 v4.3 Infix arithmetic (KKT,FJ)
\calc@Acount=\count172
\calc@Bcount=\count173
\calc@Adimen=\dimen137
\calc@Bdimen=\dimen138
\calc@Askip=\skip51
\calc@Bskip=\skip52
LaTeX Info: Redefining \setlength on input line 80.
LaTeX Info: Redefining \addtolength on input line 81.
\calc@Ccount=\count174
\calc@Cskip=\skip53
) (/usr/share/texlive/texmf-dist/tex/latex/float/float.sty
Package: float 2001/11/08 v1.3d Float enhancements (AL)
\c@float@type=\count175
\float@exts=\toks15
\float@box=\box45
\@float@everytoks=\toks16
\@floatcapt=\box46
) (/usr/share/texlive/texmf-dist/tex/latex/tools/verbatim.sty
Package: verbatim 2019/11/10 v1.5r LaTeX2e package for verbatim enhancements
\every@verbatim=\toks17
\verbatim@line=\toks18
\verbatim@in@stream=\read2
) (/usr/share/texlive/texmf-dist/tex/latex/xcolor/xcolor.sty
Package: xcolor 2016/05/11 v2.12 LaTeX color extensions (UK)
 (/usr/share/texlive/texmf-dist/tex/latex/graphics-cfg/color.cfg
File: color.cfg 2016/01/02 v1.6 sample color configuration
)
Package xcolor Info: Driver file: xetex.def on input line 225.
 (/usr/share/texlive/texmf-dist/tex/latex/graphics-def/xetex.def
File: xetex.def 2017/06/24 v5.0h Graphics/color driver for xetex
) (/usr/share/texlive/texmf-dist/tex/latex/colortbl/colortbl.sty
Package: colortbl 2020/01/04 v1.0e Color table columns (DPC)
\everycr=\toks19
\minrowclearance=\skip54
)
\rownum=\count176
Package xcolor Info: Model `cmy' substituted by `cmy0' on input line 1348.
Package xcolor Info: Model `RGB' extended on input line 1364.
Package xcolor Info: Model `HTML' substituted by `rgb' on input line 1366.
Package xcolor Info: Model `Hsb' substituted by `hsb' on input line 1367.
Package xcolor Info: Model `tHsb' substituted by `hsb' on input line 1368.
Package xcolor Info: Model `HSB' substituted by `hsb' on input line 1369.
Package xcolor Info: Model `Gray' substituted by `gray' on input line 1370.
Package xcolor Info: Model `wave' substituted by `hsb' on input line 1371.
) (/home/jenny/Documents/PhD/RAMICES/Update_Jack/reset-delete/RAMICES_II/docs/dox/latex/longtable_doxygen.sty
Package: longtable_doxygen 2014/10/28 v4.11 Multi-page Table package (DPC) - frozen version for doxygen
\LTleft=\skip55
\LTright=\skip56
\LTpre=\skip57
\LTpost=\skip58
\LTchunksize=\count177
\LTcapwidth=\dimen139
\LT@head=\box47
\LT@firsthead=\box48
\LT@foot=\box49
\LT@lastfoot=\box50
\LT@cols=\count178
\LT@rows=\count179
\c@LT@tables=\count180
\c@LT@chunks=\count181
\LT@p@ftn=\toks20
) (/home/jenny/Documents/PhD/RAMICES/Update_Jack/reset-delete/RAMICES_II/docs/dox/latex/tabu_doxygen.sty
Package: tabu_doxygen 2011/02/26 v2.8 - flexible LaTeX tabulars (FC), frozen version for doxygen
 (/usr/share/texlive/texmf-dist/tex/latex/varwidth/varwidth.sty
Package: varwidth 2009/03/30 ver 0.92;  Variable-width minipages
\@vwid@box=\box51
\sift@deathcycles=\count182
\@vwid@loff=\dimen140
\@vwid@roff=\dimen141
)
\c@taburow=\count183
\tabu@nbcols=\count184
\tabu@cnt=\count185
\tabu@Xcol=\count186
\tabu@alloc=\count187
\tabu@nested=\count188
\tabu@target=\dimen142
\tabu@spreadtarget=\dimen143
\tabu@naturalX=\dimen144
\tabucolX=\dimen145
\tabu@Xsum=\dimen146
\extrarowdepth=\dimen147
\abovetabulinesep=\dimen148
\belowtabulinesep=\dimen149
\tabustrutrule=\dimen150
\tabu@thebody=\toks21
\tabu@footnotes=\toks22
\tabu@box=\box52
\tabu@arstrutbox=\box53
\tabu@hleads=\box54
\tabu@vleads=\box55
\tabu@cellskip=\skip59
) (/usr/share/texlive/texmf-dist/tex/latex/fancyvrb/fancyvrb.sty
Package: fancyvrb 2020/01/13 v3.5 verbatim text (tvz,hv)
 (/usr/share/texlive/texmf-dist/tex/latex/graphics/keyval.sty
Package: keyval 2014/10/28 v1.15 key=value parser (DPC)
\KV@toks@=\toks23
)
\FV@CodeLineNo=\count189
\FV@InFile=\read3
\FV@TabBox=\box56
\c@FancyVerbLine=\count190
\FV@StepNumber=\count191
\FV@OutFile=\write3
) (/usr/share/texlive/texmf-dist/tex/latex/tools/tabularx.sty
Package: tabularx 2020/01/15 v2.11c `tabularx' package (DPC)
\TX@col@width=\dimen151
\TX@old@table=\dimen152
\TX@old@col=\dimen153
\TX@target=\dimen154
\TX@delta=\dimen155
\TX@cols=\count192
\TX@ftn=\toks24
) (/usr/share/texlive/texmf-dist/tex/latex/tools/multicol.sty
Package: multicol 2019/12/09 v1.8y multicolumn formatting (FMi)
\c@tracingmulticols=\count193
\mult@box=\box57
\multicol@leftmargin=\dimen156
\c@unbalance=\count194
\c@collectmore=\count195
\doublecol@number=\count196
\multicoltolerance=\count197
\multicolpretolerance=\count198
\full@width=\dimen157
\page@free=\dimen158
\premulticols=\dimen159
\postmulticols=\dimen160
\multicolsep=\skip60
\multicolbaselineskip=\skip61
\partial@page=\box58
\last@line=\box59
\maxbalancingoverflow=\dimen161
\mult@rightbox=\box60
\mult@grightbox=\box61
\mult@gfirstbox=\box62
\mult@firstbox=\box63
\@tempa=\box64
\@tempa=\box65
\@tempa=\box66
\@tempa=\box67
\@tempa=\box68
\@tempa=\box69
\@tempa=\box70
\@tempa=\box71
\@tempa=\box72
\@tempa=\box73
\@tempa=\box74
\@tempa=\box75
\@tempa=\box76
\@tempa=\box77
\@tempa=\box78
\@tempa=\box79
\@tempa=\box80
\@tempa=\box81
\@tempa=\box82
\@tempa=\box83
\@tempa=\box84
\@tempa=\box85
\@tempa=\box86
\@tempa=\box87
\@tempa=\box88
\@tempa=\box89
\@tempa=\box90
\@tempa=\box91
\@tempa=\box92
\@tempa=\box93
\@tempa=\box94
\@tempa=\box95
\@tempa=\box96
\@tempa=\box97
\@tempa=\box98
\@tempa=\box99
\@tempa=\box100
\c@minrows=\count199
\c@columnbadness=\count266
\c@finalcolumnbadness=\count267
\last@try=\dimen162
\multicolovershoot=\dimen163
\multicolundershoot=\dimen164
\mult@nat@firstbox=\box101
\colbreak@box=\box102
\mc@col@check@num=\count268
) (/usr/share/texlive/texmf-dist/tex/latex/multirow/multirow.sty
Package: multirow 2019/05/31 v2.5 Span multiple rows of a table
\multirow@colwidth=\skip62
\multirow@cntb=\count269
\multirow@dima=\skip63
\bigstrutjot=\dimen165
) (/usr/share/texlive/texmf-dist/tex/latex/hanging/hanging.sty
Package: hanging 2009/09/02 v1.2b hanging paragraphs and punctuation
\h@ngcommawd=\skip64
\h@ngfstopwd=\skip65
\h@ngquotewd=\skip66
\h@ngdquotewd=\skip67
\h@ngquerywd=\skip68
\h@ngexclwd=\skip69
\h@ngcolonwd=\skip70
\h@ngscolonwd=\skip71
) (/usr/share/texlive/texmf-dist/tex/generic/iftex/ifpdf.sty
Package: ifpdf 2019/10/25 v3.4 ifpdf legacy package. Use iftex instead.
 (/usr/share/texlive/texmf-dist/tex/generic/iftex/iftex.sty
Package: iftex 2019/11/07 v1.0c TeX engine tests
)) (/usr/share/texlive/texmf-dist/tex/latex/adjustbox/adjustbox.sty
Package: adjustbox 2019/01/04 v1.2 Adjusting TeX boxes (trim, clip, ...)
 (/usr/share/texlive/texmf-dist/tex/latex/xkeyval/xkeyval.sty
Package: xkeyval 2014/12/03 v2.7a package option processing (HA)
 (/usr/share/texlive/texmf-dist/tex/generic/xkeyval/xkeyval.tex (/usr/share/texlive/texmf-dist/tex/generic/xkeyval/xkvutils.tex
\XKV@toks=\toks25
\XKV@tempa@toks=\toks26
)
\XKV@depth=\count270
File: xkeyval.tex 2014/12/03 v2.7a key=value parser (HA)
)) (/usr/share/texlive/texmf-dist/tex/latex/adjustbox/adjcalc.sty
Package: adjcalc 2012/05/16 v1.1 Provides advanced setlength with multiple back-ends (calc, etex, pgfmath)
) (/usr/share/texlive/texmf-dist/tex/latex/adjustbox/trimclip.sty
Package: trimclip 2018/04/08 v1.1 Trim and clip general TeX material
 (/usr/share/texlive/texmf-dist/tex/latex/graphics/graphicx.sty
Package: graphicx 2019/11/30 v1.2a Enhanced LaTeX Graphics (DPC,SPQR)
 (/usr/share/texlive/texmf-dist/tex/latex/graphics/graphics.sty
Package: graphics 2019/11/30 v1.4a Standard LaTeX Graphics (DPC,SPQR)
 (/usr/share/texlive/texmf-dist/tex/latex/graphics/trig.sty
Package: trig 2016/01/03 v1.10 sin cos tan (DPC)
) (/usr/share/texlive/texmf-dist/tex/latex/graphics-cfg/graphics.cfg
File: graphics.cfg 2016/06/04 v1.11 sample graphics configuration
)
Package graphics Info: Driver file: xetex.def on input line 105.
)
\Gin@req@height=\dimen166
\Gin@req@width=\dimen167
) (/usr/share/texlive/texmf-dist/tex/latex/collectbox/collectbox.sty
Package: collectbox 2012/05/17 v0.4b Collect macro arguments as boxes
\collectedbox=\box103
)
\tc@llx=\dimen168
\tc@lly=\dimen169
\tc@urx=\dimen170
\tc@ury=\dimen171
Package trimclip Info: Using driver 'tc-xetex.def'.
 (/usr/share/texlive/texmf-dist/tex/latex/adjustbox/tc-xetex.def
File: tc-xetex.def 2019/01/04 v2.2 Clipping driver for xetex
))
\adjbox@Width=\dimen172
\adjbox@Height=\dimen173
\adjbox@Depth=\dimen174
\adjbox@Totalheight=\dimen175
\adjbox@pwidth=\dimen176
\adjbox@pheight=\dimen177
\adjbox@pdepth=\dimen178
\adjbox@ptotalheight=\dimen179
 (/usr/share/texlive/texmf-dist/tex/latex/ifoddpage/ifoddpage.sty
Package: ifoddpage 2016/04/23 v1.1 Conditionals for odd/even page detection
\c@checkoddpage=\count271
)) (/usr/share/texlive/texmf-dist/tex/latex/amsfonts/amssymb.sty
Package: amssymb 2013/01/14 v3.01 AMS font symbols
 (/usr/share/texlive/texmf-dist/tex/latex/amsfonts/amsfonts.sty
Package: amsfonts 2013/01/14 v3.01 Basic AMSFonts support
\@emptytoks=\toks27
\symAMSa=\mathgroup4
\symAMSb=\mathgroup5
LaTeX Font Info:    Redeclaring math symbol \hbar on input line 98.
LaTeX Font Info:    Overwriting math alphabet `\mathfrak' in version `bold'
(Font)                  U/euf/m/n --> U/euf/b/n on input line 106.
)) (/usr/share/texlive/texmf-dist/tex/latex/stackengine/stackengine.sty
Package: stackengine 2017/02/13 v4.01\ Stacking text and objects in convenient ways
 (/usr/share/texlive/texmf-dist/tex/latex/etoolbox/etoolbox.sty
Package: etoolbox 2019/09/21 v2.5h e-TeX tools for LaTeX (JAW)
\etb@tempcnta=\count272
) (/usr/share/texlive/texmf-dist/tex/generic/listofitems/listofitems.sty (/usr/share/texlive/texmf-dist/tex/generic/listofitems/listofitems.tex
Invalid UTF-8 byte or sequence at line 50 replaced by U+FFFD.
Invalid UTF-8 byte or sequence at line 50 replaced by U+FFFD.
Invalid UTF-8 byte or sequence at line 52 replaced by U+FFFD.
Invalid UTF-8 byte or sequence at line 52 replaced by U+FFFD.
Invalid UTF-8 byte or sequence at line 52 replaced by U+FFFD.
Invalid UTF-8 byte or sequence at line 96 replaced by U+FFFD.
Invalid UTF-8 byte or sequence at line 96 replaced by U+FFFD.
Invalid UTF-8 byte or sequence at line 104 replaced by U+FFFD.
Invalid UTF-8 byte or sequence at line 105 replaced by U+FFFD.
\loi_cnt_foreach_nest=\count273
Invalid UTF-8 byte or sequence at line 139 replaced by U+FFFD.
Invalid UTF-8 byte or sequence at line 146 replaced by U+FFFD.
Invalid UTF-8 byte or sequence at line 192 replaced by U+FFFD.
Invalid UTF-8 byte or sequence at line 209 replaced by U+FFFD.
Invalid UTF-8 byte or sequence at line 209 replaced by U+FFFD.
Invalid UTF-8 byte or sequence at line 222 replaced by U+FFFD.
Invalid UTF-8 byte or sequence at line 222 replaced by U+FFFD.
Invalid UTF-8 byte or sequence at line 223 replaced by U+FFFD.
Invalid UTF-8 byte or sequence at line 223 replaced by U+FFFD.
Invalid UTF-8 byte or sequence at line 224 replaced by U+FFFD.
Invalid UTF-8 byte or sequence at line 226 replaced by U+FFFD.
Invalid UTF-8 byte or sequence at line 226 replaced by U+FFFD.
Invalid UTF-8 byte or sequence at line 238 replaced by U+FFFD.
Invalid UTF-8 byte or sequence at line 243 replaced by U+FFFD.
Invalid UTF-8 byte or sequence at line 243 replaced by U+FFFD.
Invalid UTF-8 byte or sequence at line 260 replaced by U+FFFD.
Invalid UTF-8 byte or sequence at line 284 replaced by U+FFFD.
Invalid UTF-8 byte or sequence at line 310 replaced by U+FFFD.
Invalid UTF-8 byte or sequence at line 310 replaced by U+FFFD.
Invalid UTF-8 byte or sequence at line 324 replaced by U+FFFD.
Invalid UTF-8 byte or sequence at line 337 replaced by U+FFFD.
Invalid UTF-8 byte or sequence at line 337 replaced by U+FFFD.
Invalid UTF-8 byte or sequence at line 339 replaced by U+FFFD.
Invalid UTF-8 byte or sequence at line 350 replaced by U+FFFD.
Invalid UTF-8 byte or sequence at line 350 replaced by U+FFFD.
Invalid UTF-8 byte or sequence at line 350 replaced by U+FFFD.
Invalid UTF-8 byte or sequence at line 354 replaced by U+FFFD.
\loi_nestcnt=\count274
Invalid UTF-8 byte or sequence at line 367 replaced by U+FFFD.
Invalid UTF-8 byte or sequence at line 367 replaced by U+FFFD.
Invalid UTF-8 byte or sequence at line 367 replaced by U+FFFD.
Invalid UTF-8 byte or sequence at line 367 replaced by U+FFFD.
Invalid UTF-8 byte or sequence at line 375 replaced by U+FFFD.
Invalid UTF-8 byte or sequence at line 375 replaced by U+FFFD.
Invalid UTF-8 byte or sequence at line 375 replaced by U+FFFD.
Invalid UTF-8 byte or sequence at line 375 replaced by U+FFFD.
Invalid UTF-8 byte or sequence at line 377 replaced by U+FFFD.
Invalid UTF-8 byte or sequence at line 378 replaced by U+FFFD.
Invalid UTF-8 byte or sequence at line 398 replaced by U+FFFD.
Invalid UTF-8 byte or sequence at line 398 replaced by U+FFFD.
Invalid UTF-8 byte or sequence at line 399 replaced by U+FFFD.
Invalid UTF-8 byte or sequence at line 399 replaced by U+FFFD.
Invalid UTF-8 byte or sequence at line 399 replaced by U+FFFD.
Invalid UTF-8 byte or sequence at line 399 replaced by U+FFFD.
Invalid UTF-8 byte or sequence at line 399 replaced by U+FFFD.
Invalid UTF-8 byte or sequence at line 399 replaced by U+FFFD.
Invalid UTF-8 byte or sequence at line 409 replaced by U+FFFD.
Invalid UTF-8 byte or sequence at line 410 replaced by U+FFFD.
Invalid UTF-8 byte or sequence at line 410 replaced by U+FFFD.
Invalid UTF-8 byte or sequence at line 410 replaced by U+FFFD.
Invalid UTF-8 byte or sequence at line 410 replaced by U+FFFD.
Invalid UTF-8 byte or sequence at line 411 replaced by U+FFFD.
Invalid UTF-8 byte or sequence at line 411 replaced by U+FFFD.
Invalid UTF-8 byte or sequence at line 411 replaced by U+FFFD.
Invalid UTF-8 byte or sequence at line 411 replaced by U+FFFD.
Invalid UTF-8 byte or sequence at line 411 replaced by U+FFFD.
Invalid UTF-8 byte or sequence at line 411 replaced by U+FFFD.
Invalid UTF-8 byte or sequence at line 414 replaced by U+FFFD.
Invalid UTF-8 byte or sequence at line 422 replaced by U+FFFD.
Invalid UTF-8 byte or sequence at line 422 replaced by U+FFFD.
Invalid UTF-8 byte or sequence at line 426 replaced by U+FFFD.
Invalid UTF-8 byte or sequence at line 428 replaced by U+FFFD.
Invalid UTF-8 byte or sequence at line 433 replaced by U+FFFD.
Invalid UTF-8 byte or sequence at line 433 replaced by U+FFFD.
Invalid UTF-8 byte or sequence at line 441 replaced by U+FFFD.
Invalid UTF-8 byte or sequence at line 441 replaced by U+FFFD.
Invalid UTF-8 byte or sequence at line 442 replaced by U+FFFD.
Invalid UTF-8 byte or sequence at line 443 replaced by U+FFFD.
Invalid UTF-8 byte or sequence at line 443 replaced by U+FFFD.
Invalid UTF-8 byte or sequence at line 443 replaced by U+FFFD.
Invalid UTF-8 byte or sequence at line 446 replaced by U+FFFD.
Invalid UTF-8 byte or sequence at line 446 replaced by U+FFFD.
Invalid UTF-8 byte or sequence at line 446 replaced by U+FFFD.
Invalid UTF-8 byte or sequence at line 448 replaced by U+FFFD.
Invalid UTF-8 byte or sequence at line 448 replaced by U+FFFD.
Invalid UTF-8 byte or sequence at line 451 replaced by U+FFFD.
Invalid UTF-8 byte or sequence at line 455 replaced by U+FFFD.
Invalid UTF-8 byte or sequence at line 455 replaced by U+FFFD.
Invalid UTF-8 byte or sequence at line 458 replaced by U+FFFD.
Invalid UTF-8 byte or sequence at line 458 replaced by U+FFFD.
Invalid UTF-8 byte or sequence at line 472 replaced by U+FFFD.
Invalid UTF-8 byte or sequence at line 475 replaced by U+FFFD.
Invalid UTF-8 byte or sequence at line 492 replaced by U+FFFD.
Invalid UTF-8 byte or sequence at line 508 replaced by U+FFFD.
Invalid UTF-8 byte or sequence at line 508 replaced by U+FFFD.
Invalid UTF-8 byte or sequence at line 509 replaced by U+FFFD.
Invalid UTF-8 byte or sequence at line 509 replaced by U+FFFD.
Invalid UTF-8 byte or sequence at line 519 replaced by U+FFFD.
Invalid UTF-8 byte or sequence at line 541 replaced by U+FFFD.
Invalid UTF-8 byte or sequence at line 541 replaced by U+FFFD.
)
Package: listofitems 2019/08/21 v1.63 Grab items in lists using user-specified sep char (CT)
)
\c@@stackindex=\count275
\@boxshift=\skip72
\stack@tmplength=\skip73
\temp@stkl=\skip74
\@stackedboxwidth=\skip75
\@addedbox=\box104
\@anchorbox=\box105
\stackedbox=\box106
\@centerbox=\box107
\c@ROWcellindex@=\count276
) (/usr/share/texlive/texmf-dist/tex/latex/enumitem/enumitem.sty
Package: enumitem 2019/06/20 v3.9 Customized lists
\labelindent=\skip76
\enit@outerparindent=\dimen180
\enit@toks=\toks28
\enit@inbox=\box108
\enit@count@id=\count277
\enitdp@description=\count278
) (/usr/share/texlive/texmf-dist/tex/generic/alphalph/alphalph.sty
Package: alphalph 2019/12/09 v2.6 Convert numbers to letters (HO)
 (/usr/share/texlive/texmf-dist/tex/generic/infwarerr/infwarerr.sty
Package: infwarerr 2019/12/03 v1.5 Providing info/warning/error messages (HO)
) (/usr/share/texlive/texmf-dist/tex/generic/intcalc/intcalc.sty
Package: intcalc 2019/12/15 v1.3 Expandable calculations with integers (HO)
)) (/usr/share/texlive/texmf-dist/tex/generic/ulem/ulem.sty
\UL@box=\box109
\UL@hyphenbox=\box110
\UL@skip=\skip77
\UL@hook=\toks29
\UL@height=\dimen181
\UL@pe=\count279
\UL@pixel=\dimen182
\ULC@box=\box111
Package: ulem 2019/11/18
\ULdepth=\dimen183
)
\xrefbox=\box112
\xreflength=\skip78
\CodeWidthChar=\skip79
\CodeHeightChar=\skip80
\DoxyCodeWidth=\skip81
\c@DoxyEnumeratei=\count280
\c@DoxyEnumerateii=\count281
\c@DoxyEnumerateiii=\count282
\c@DoxyEnumerateiv=\count283
\c@DoxyEnumeratev=\count284
\c@DoxyEnumeratevi=\count285
\c@DoxyEnumeratevii=\count286
\c@DoxyEnumerateviii=\count287
\c@DoxyEnumerateix=\count288
\c@DoxyEnumeratex=\count289
\c@DoxyEnumeratexi=\count290
\c@DoxyEnumeratexii=\count291
\enitdp@DoxyEnumerate=\count292
\enitdp@DoxyItemize=\count293
) (/usr/share/texlive/texmf-dist/tex/latex/base/inputenc.sty
Package: inputenc 2018/08/11 v1.3c Input encoding file
\inpenc@prehook=\toks30
\inpenc@posthook=\toks31


Package inputenc Warning: inputenc package ignored with utf8 based engines.

) (/usr/share/texlive/texmf-dist/tex/latex/base/makeidx.sty
Package: makeidx 2014/09/29 v1.0m Standard LaTeX package
) (/usr/share/texlive/texmf-dist/tex/latex/base/textcomp.sty
Package: textcomp 2020/02/02 v2.0n Standard LaTeX package
) (/usr/share/texlive/texmf-dist/tex/latex/wasysym/wasysym.sty
Package: wasysym 2020/01/19 v2.4 Wasy-2 symbol support package
\symwasy=\mathgroup6
LaTeX Font Info:    Overwriting symbol font `wasy' in version `bold'
(Font)                  U/wasy/m/n --> U/wasy/b/n on input line 93.
) (/usr/share/texlive/texmf-dist/tex/generic/iftex/ifxetex.sty
Package: ifxetex 2019/10/25 v0.7 ifxetex legacy package. Use iftex instead.
) (/usr/share/texlive/texmf-dist/tex/latex/base/fontenc.sty
Package: fontenc 2020/02/11 v2.0o Standard LaTeX package
LaTeX Font Info:    Trying to load font information for T1+lmr on input line 112.
 (/usr/share/texmf/tex/latex/lm/t1lmr.fd
File: t1lmr.fd 2009/10/30 v1.6 Font defs for Latin Modern
)) (/usr/share/texlive/texmf-dist/tex/latex/psnfss/helvet.sty
Package: helvet 2005/04/12 PSNFSS-v9.2a (WaS) 
) (/usr/share/texlive/texmf-dist/tex/latex/psnfss/courier.sty
Package: courier 2005/04/12 PSNFSS-v9.2a (WaS) 
) (/usr/share/texlive/texmf-dist/tex/latex/sectsty/sectsty.sty
Package: sectsty 2002/02/25 v2.0.2 Commands to change all sectional heading styles


LaTeX Warning: Command \underbar  has changed.
               Check if current package is valid.


LaTeX Warning: Command \underline  has changed.
               Check if current package is valid.

) (/usr/share/texlive/texmf-dist/tex/latex/geometry/geometry.sty
Package: geometry 2020/01/02 v5.9 Page Geometry
 (/usr/share/texlive/texmf-dist/tex/generic/iftex/ifvtex.sty
Package: ifvtex 2019/10/25 v1.7 ifvtex legacy package. Use iftex instead.
)
\Gm@cnth=\count294
\Gm@cntv=\count295
\c@Gm@tempcnt=\count296
\Gm@bindingoffset=\dimen184
\Gm@wd@mp=\dimen185
\Gm@odd@mp=\dimen186
\Gm@even@mp=\dimen187
\Gm@layoutwidth=\dimen188
\Gm@layoutheight=\dimen189
\Gm@layouthoffset=\dimen190
\Gm@layoutvoffset=\dimen191
\Gm@dimlist=\toks32
) (/usr/share/texlive/texmf-dist/tex/latex/fancyhdr/fancyhdr.sty
Package: fancyhdr 2019/01/31 v3.10 Extensive control of page headers and footers
\f@nch@headwidth=\skip82
\f@nch@O@elh=\skip83
\f@nch@O@erh=\skip84
\f@nch@O@olh=\skip85
\f@nch@O@orh=\skip86
\f@nch@O@elf=\skip87
\f@nch@O@erf=\skip88
\f@nch@O@olf=\skip89
\f@nch@O@orf=\skip90
) (/usr/share/texlive/texmf-dist/tex/latex/natbib/natbib.sty
Package: natbib 2010/09/13 8.31b (PWD, AO)
\bibhang=\skip91
\bibsep=\skip92
LaTeX Info: Redefining \cite on input line 694.
\c@NAT@ctr=\count297
) (/usr/share/texlive/texmf-dist/tex/latex/tocloft/tocloft.sty
Package: tocloft 2017/08/31 v2.3i parameterised ToC, etc., typesetting
Package tocloft Info: The document has chapter divisions on input line 51.
\cftparskip=\skip93
\cftbeforetoctitleskip=\skip94
\cftaftertoctitleskip=\skip95
\cftbeforepartskip=\skip96
\cftpartnumwidth=\skip97
\cftpartindent=\skip98
\cftbeforechapskip=\skip99
\cftchapindent=\skip100
\cftchapnumwidth=\skip101
\cftbeforesecskip=\skip102
\cftsecindent=\skip103
\cftsecnumwidth=\skip104
\cftbeforesubsecskip=\skip105
\cftsubsecindent=\skip106
\cftsubsecnumwidth=\skip107
\cftbeforesubsubsecskip=\skip108
\cftsubsubsecindent=\skip109
\cftsubsubsecnumwidth=\skip110
\cftbeforeparaskip=\skip111
\cftparaindent=\skip112
\cftparanumwidth=\skip113
\cftbeforesubparaskip=\skip114
\cftsubparaindent=\skip115
\cftsubparanumwidth=\skip116
\cftbeforeloftitleskip=\skip117
\cftafterloftitleskip=\skip118
\cftbeforefigskip=\skip119
\cftfigindent=\skip120
\cftfignumwidth=\skip121
\c@lofdepth=\count298
\c@lotdepth=\count299
\cftbeforelottitleskip=\skip122
\cftafterlottitleskip=\skip123
\cftbeforetabskip=\skip124
\cfttabindent=\skip125
\cfttabnumwidth=\skip126
)
\@indexfile=\write4
\openout4 = `refman.idx'.


Writing index file refman.idx
(/usr/share/texlive/texmf-dist/tex/latex/newunicodechar/newunicodechar.sty
Package: newunicodechar 2018/04/08 v1.2 Defining Unicode characters
) (/usr/share/texlive/texmf-dist/tex/latex/hyperref/hyperref.sty
Package: hyperref 2020/01/14 v7.00d Hypertext links for LaTeX
 (/usr/share/texlive/texmf-dist/tex/generic/ltxcmds/ltxcmds.sty
Package: ltxcmds 2019/12/15 v1.24 LaTeX kernel commands for general use (HO)
) (/usr/share/texlive/texmf-dist/tex/latex/pdftexcmds/pdftexcmds.sty
Package: pdftexcmds 2019/11/24 v0.31 Utility functions of pdfTeX for LuaTeX (HO)
Package pdftexcmds Info: \pdf@primitive is available.
Package pdftexcmds Info: \pdf@ifprimitive is available.
Package pdftexcmds Info: \pdfdraftmode not found.
) (/usr/share/texlive/texmf-dist/tex/generic/kvsetkeys/kvsetkeys.sty
Package: kvsetkeys 2019/12/15 v1.18 Key value parser (HO)
) (/usr/share/texlive/texmf-dist/tex/generic/kvdefinekeys/kvdefinekeys.sty
Package: kvdefinekeys 2019-12-19 v1.6 Define keys (HO)
) (/usr/share/texlive/texmf-dist/tex/generic/pdfescape/pdfescape.sty
Package: pdfescape 2019/12/09 v1.15 Implements pdfTeX's escape features (HO)
) (/usr/share/texlive/texmf-dist/tex/latex/hycolor/hycolor.sty
Package: hycolor 2020-01-27 v1.10 Color options for hyperref/bookmark (HO)
) (/usr/share/texlive/texmf-dist/tex/latex/letltxmacro/letltxmacro.sty
Package: letltxmacro 2019/12/03 v1.6 Let assignment for LaTeX macros (HO)
) (/usr/share/texlive/texmf-dist/tex/latex/auxhook/auxhook.sty
Package: auxhook 2019-12-17 v1.6 Hooks for auxiliary files (HO)
) (/usr/share/texlive/texmf-dist/tex/latex/kvoptions/kvoptions.sty
Package: kvoptions 2019/11/29 v3.13 Key value format for package options (HO)
)
\@linkdim=\dimen192
\Hy@linkcounter=\count300
\Hy@pagecounter=\count301
 (/usr/share/texlive/texmf-dist/tex/latex/hyperref/pd1enc.def
File: pd1enc.def 2020/01/14 v7.00d Hyperref: PDFDocEncoding definition (HO)
) (/usr/share/texlive/texmf-dist/tex/generic/etexcmds/etexcmds.sty
Package: etexcmds 2019/12/15 v1.7 Avoid name clashes with e-TeX commands (HO)
)
\Hy@SavedSpaceFactor=\count302
Package hyperref Info: Hyper figures OFF on input line 4547.
Package hyperref Info: Link nesting OFF on input line 4552.
Package hyperref Info: Hyper index ON on input line 4555.
Package hyperref Info: Plain pages OFF on input line 4562.
Package hyperref Info: Backreferencing ON on input line 4565.
Package hyperref Info: Implicit mode ON; LaTeX internals redefined.
Package hyperref Info: Bookmarks ON on input line 4800.
 (/usr/share/texlive/texmf-dist/tex/latex/hyperref/backref.sty
Package: backref 2020/01/14 v1.40 Bibliographical back referencing
 (/usr/share/texlive/texmf-dist/tex/latex/rerunfilecheck/rerunfilecheck.sty
Package: rerunfilecheck 2019/12/05 v1.9 Rerun checks for auxiliary files (HO)
 (/usr/share/texlive/texmf-dist/tex/latex/atveryend/atveryend.sty
Package: atveryend 2019-12-11 v1.11 Hooks at the very end of document (HO)
) (/usr/share/texlive/texmf-dist/tex/generic/uniquecounter/uniquecounter.sty
Package: uniquecounter 2019/12/15 v1.4 Provide unlimited unique counter (HO)
 (/usr/share/texlive/texmf-dist/tex/generic/bigintcalc/bigintcalc.sty
Package: bigintcalc 2019/12/15 v1.5 Expandable calculations on big integers (HO)
))
Package uniquecounter Info: New unique counter `rerunfilecheck' on input line 286.
))
\c@Hy@tempcnt=\count303
 (/usr/share/texlive/texmf-dist/tex/latex/url/url.sty
\Urlmuskip=\muskip16
Package: url 2013/09/16  ver 3.4  Verb mode for urls, etc.
)
LaTeX Info: Redefining \url on input line 5159.
\XeTeXLinkMargin=\dimen193
 (/usr/share/texlive/texmf-dist/tex/generic/bitset/bitset.sty
Package: bitset 2019/12/09 v1.3 Handle bit-vector datatype (HO)
)
\Fld@menulength=\count304
\Field@Width=\dimen194
\Fld@charsize=\dimen195
Package hyperref Info: Hyper figures OFF on input line 6430.
Package hyperref Info: Link nesting OFF on input line 6435.
Package hyperref Info: Hyper index ON on input line 6438.
Package hyperref Info: backreferencing ON on input line 6443.
Package hyperref Info: Link coloring OFF on input line 6450.
Package hyperref Info: Link coloring with OCG OFF on input line 6455.
Package hyperref Info: PDF/A mode OFF on input line 6460.
LaTeX Info: Redefining \ref on input line 6500.
LaTeX Info: Redefining \pageref on input line 6504.
 (/usr/share/texlive/texmf-dist/tex/generic/atbegshi/atbegshi.sty
Package: atbegshi 2019/12/05 v1.19 At begin shipout hook (HO)
)
\Hy@abspage=\count305
\c@Item=\count306
\c@Hfootnote=\count307
)
Package hyperref Info: Driver (autodetected): hxetex.
 (/usr/share/texlive/texmf-dist/tex/latex/hyperref/hxetex.def
File: hxetex.def 2020/01/14 v7.00d Hyperref driver for XeTeX
 (/usr/share/texlive/texmf-dist/tex/latex/hyperref/puenc.def
File: puenc.def 2020/01/14 v7.00d Hyperref: PDF Unicode definition (HO)
) (/usr/share/texlive/texmf-dist/tex/generic/stringenc/stringenc.sty
Package: stringenc 2019/11/29 v1.12 Convert strings between diff. encodings (HO)
)
\pdfm@box=\box113
\c@Hy@AnnotLevel=\count308
\HyField@AnnotCount=\count309
\Fld@listcount=\count310
\c@bookmark@seq@number=\count311
\Hy@SectionHShift=\skip127
)
Package hyperref Info: Option `colorlinks' set `true' on input line 136.
Package hyperref Info: Option `unicode' set `true' on input line 136.
 (/usr/share/texlive/texmf-dist/tex/generic/stringenc/se-ascii-print.def
File: se-ascii-print.def 2019/11/29 v1.12 stringenc: Printable ASCII characters
) (/usr/share/texlive/texmf-dist/tex/latex/caption/caption.sty
Package: caption 2020/01/03 v3.4h Customizing captions (AR)
 (/usr/share/texlive/texmf-dist/tex/latex/caption/caption3.sty
Package: caption3 2020/01/03 v1.8h caption3 kernel (AR)
Package caption3 Info: TeX engine: e-TeX on input line 61.
\captionmargin=\dimen196
\captionmargin@=\dimen197
\captionwidth=\dimen198
\caption@tempdima=\dimen199
\caption@indent=\dimen256
\caption@parindent=\dimen257
\caption@hangindent=\dimen258
Package caption Info: Standard document class detected.
)
\c@caption@flags=\count312
\c@continuedfloat=\count313
Package caption Info: float package is loaded.
Package caption Info: hyperref package is loaded.
Package caption Info: longtable package is loaded.
 (/usr/share/texlive/texmf-dist/tex/latex/caption/ltcaption.sty
Package: ltcaption 2018/08/26 v1.4a longtable captions (AR)
)) (/usr/share/texlive/texmf-dist/tex/latex/etoc/etoc.sty
Package: etoc 2019/11/17 v1.09b Completely customisable TOCs (JFB)
\Etoc@toctoks=\toks33
\c@etoc@tocid=\count314
\c@etoc@tocdepth=\count315
\etoc@framed@titlebox=\box114
\etoc@framed@contentsbox=\box115
) (/usr/share/texlive/texmf-dist/tex/latex/l3backend/l3backend-xdvipdfmx.def
File: l3backend-xdvipdfmx.def 2020-02-03 L3 backend support: xdvipdfmx
\g__graphics_track_int=\count316
\l__pdf_internal_box=\box116
\g__pdf_backend_object_int=\count317
\g__pdf_backend_annotation_int=\count318
) (/home/jenny/Documents/PhD/RAMICES/Update_Jack/reset-delete/RAMICES_II/docs/dox/latex/refman.aux)
\openout1 = `refman.aux'.

LaTeX Font Info:    Checking defaults for OML/cmm/m/it on input line 152.
LaTeX Font Info:    ... okay on input line 152.
LaTeX Font Info:    Checking defaults for OMS/cmsy/m/n on input line 152.
LaTeX Font Info:    ... okay on input line 152.
LaTeX Font Info:    Checking defaults for OT1/cmr/m/n on input line 152.
LaTeX Font Info:    ... okay on input line 152.
LaTeX Font Info:    Checking defaults for T1/cmr/m/n on input line 152.
LaTeX Font Info:    ... okay on input line 152.
LaTeX Font Info:    Checking defaults for TS1/cmr/m/n on input line 152.
LaTeX Font Info:    Trying to load font information for TS1+cmr on input line 152.
 (/usr/share/texlive/texmf-dist/tex/latex/base/ts1cmr.fd
File: ts1cmr.fd 2019/12/16 v2.5j Standard LaTeX font definitions
)
LaTeX Font Info:    ... okay on input line 152.
LaTeX Font Info:    Checking defaults for TU/lmr/m/n on input line 152.
LaTeX Font Info:    ... okay on input line 152.
LaTeX Font Info:    Checking defaults for OMX/cmex/m/n on input line 152.
LaTeX Font Info:    ... okay on input line 152.
LaTeX Font Info:    Checking defaults for U/cmr/m/n on input line 152.
LaTeX Font Info:    ... okay on input line 152.
LaTeX Font Info:    Checking defaults for PD1/pdf/m/n on input line 152.
LaTeX Font Info:    ... okay on input line 152.
LaTeX Font Info:    Checking defaults for PU/pdf/m/n on input line 152.
LaTeX Font Info:    ... okay on input line 152.
LaTeX Font Info:    Trying to load font information for T1+phv on input line 152.
 (/usr/share/texlive/texmf-dist/tex/latex/psnfss/t1phv.fd
File: t1phv.fd 2001/06/04 scalable font definitions for T1/phv.
)
LaTeX Font Info:    Font shape `T1/phv/m/n' will be
(Font)              scaled to size 8.99994pt on input line 152.

*geometry* driver: auto-detecting
*geometry* detected driver: xetex
*geometry* verbose mode - [ preamble ] result:
* driver: xetex
* paper: a4paper
* layout: <same size as paper>
* layoutoffset:(h,v)=(0.0pt,0.0pt)
* modes: twoside 
* h-part:(L,W,R)=(71.13188pt, 455.24411pt, 71.13188pt)
* v-part:(T,H,B)=(71.13188pt, 702.78308pt, 71.13188pt)
* \paperwidth=597.50787pt
* \paperheight=845.04684pt
* \textwidth=455.24411pt
* \textheight=702.78308pt
* \oddsidemargin=-1.1381pt
* \evensidemargin=-1.1381pt
* \topmargin=-31.2056pt
* \headheight=12.0pt
* \headsep=18.06749pt
* \topskip=10.0pt
* \footskip=25.29494pt
* \marginparwidth=125.0pt
* \marginparsep=7.0pt
* \columnsep=10.0pt
* \skip\footins=9.0pt plus 4.0pt minus 2.0pt
* \hoffset=0.0pt
* \voffset=0.0pt
* \mag=1000
* \@twocolumnfalse
* \@twosidetrue
* \@mparswitchtrue
* \@reversemarginfalse
* (1in=72.27pt=25.4mm, 1cm=28.453pt)

Package backref Info: ** backref set up for natbib ** on input line 152.
\AtBeginShipoutBox=\box117
Package hyperref Info: Link coloring ON on input line 152.
(/usr/share/texlive/texmf-dist/tex/latex/hyperref/nameref.sty
Package: nameref 2019/09/16 v2.46 Cross-referencing by name of section
 (/usr/share/texlive/texmf-dist/tex/latex/refcount/refcount.sty
Package: refcount 2019/12/15 v3.6 Data extraction from label references (HO)
) (/usr/share/texlive/texmf-dist/tex/generic/gettitlestring/gettitlestring.sty
Package: gettitlestring 2019/12/15 v1.6 Cleanup title references (HO)
)
\c@section@level=\count319
)
LaTeX Info: Redefining \ref on input line 152.
LaTeX Info: Redefining \pageref on input line 152.
LaTeX Info: Redefining \nameref on input line 152.
 (/home/jenny/Documents/PhD/RAMICES/Update_Jack/reset-delete/RAMICES_II/docs/dox/latex/refman.out) (/home/jenny/Documents/PhD/RAMICES/Update_Jack/reset-delete/RAMICES_II/docs/dox/latex/refman.out)
\@outlinefile=\write5
\openout5 = `refman.out'.

Package caption Info: Begin \AtBeginDocument code.
Package caption Info: End \AtBeginDocument code.
\Etoc@tf=\read4
Package hyperref Info: Option `pageanchor' set `false' on input line 160.
Package hyperref Info: Option `bookmarksnumbered' set `true' on input line 160.
LaTeX Font Info:    Font shape `T1/phv/m/n' will be
(Font)              scaled to size 12.9599pt on input line 165.
LaTeX Font Info:    Font shape `T1/phv/m/n' will be
(Font)              scaled to size 10.79993pt on input line 167.
 [1


] [2

]
\tf@toc=\write6
\openout6 = `refman.toc'.

LaTeX Font Info:    Font shape `T1/phv/b/n' will be
(Font)              scaled to size 8.99994pt on input line 173.
LaTeX Font Info:    Trying to load font information for U+msa on input line 173.
 (/usr/share/texlive/texmf-dist/tex/latex/amsfonts/umsa.fd
File: umsa.fd 2013/01/14 v3.01 AMS symbols A
)
LaTeX Font Info:    Trying to load font information for U+msb on input line 173.
 (/usr/share/texlive/texmf-dist/tex/latex/amsfonts/umsb.fd
File: umsb.fd 2013/01/14 v3.01 AMS symbols B
)
LaTeX Font Info:    Trying to load font information for U+wasy on input line 173.
 (/usr/share/texlive/texmf-dist/tex/latex/wasysym/uwasy.fd
File: uwasy.fd 2020/01/19 v2.4 Wasy-2 symbol font definitions
)
LaTeX Font Info:    Font shape `T1/phv/m/n' will be
(Font)              scaled to size 6.29996pt on input line 173.
LaTeX Font Info:    Font shape `T1/phv/b/n' will be
(Font)              scaled to size 6.29996pt on input line 173.
 [1] [2]
LaTeX Font Info:    Font shape `T1/phv/m/n' will be
(Font)              scaled to size 7.19995pt on input line 173.
LaTeX Font Info:    Trying to load font information for T1+pcr on input line 173.
 (/usr/share/texlive/texmf-dist/tex/latex/psnfss/t1pcr.fd
File: t1pcr.fd 2001/06/04 font definitions for T1/pcr.
) [3] [4] [5] [6] [7] [8] [9] [10] [11] [12] [13] [14] [15] [16] [17] [18]
Package hyperref Info: Option `pageanchor' set `true' on input line 176.

Chapter 1.
LaTeX Font Info:    Font shape `T1/phv/m/n' will be
(Font)              scaled to size 18.66588pt on input line 178.
LaTeX Font Info:    Font shape `T1/phv/b/n' will be
(Font)              scaled to size 18.66588pt on input line 178.
LaTeX Font Info:    Font shape `T1/phv/bc/n' will be
(Font)              scaled to size 18.66588pt on input line 178.
LaTeX Font Info:    Font shape `T1/phv/m/n' will be
(Font)              scaled to size 22.39185pt on input line 178.
LaTeX Font Info:    Font shape `T1/phv/b/n' will be
(Font)              scaled to size 22.39185pt on input line 178.
LaTeX Font Info:    Font shape `T1/phv/bc/n' will be
(Font)              scaled to size 22.39185pt on input line 178.
(/home/jenny/Documents/PhD/RAMICES/Update_Jack/reset-delete/RAMICES_II/docs/dox/latex/hierarchy.tex
LaTeX Font Info:    Font shape `T1/phv/b/n' will be
(Font)              scaled to size 12.9599pt on input line 1.
) [1


] [2

]
Chapter 2.
(/home/jenny/Documents/PhD/RAMICES/Update_Jack/reset-delete/RAMICES_II/docs/dox/latex/annotated.tex [3]
Underfull \hbox (badness 905) in paragraph at lines 35--35
 \T1/phv/m/n/10 Thermal sub-op-tions con-tain vari-ables which deal with the ther-mal sub-rou-tines - cool-ing 
 []

) [4]
Chapter 3.
(/home/jenny/Documents/PhD/RAMICES/Update_Jack/reset-delete/RAMICES_II/docs/dox/latex/files.tex) [5

] [6

]
Chapter 4.
(/home/jenny/Documents/PhD/RAMICES/Update_Jack/reset-delete/RAMICES_II/docs/dox/latex/classCatalogueValues.tex
File: classCatalogueValues.pdf Graphic file (type pdf)
<use classCatalogueValues.pdf>
LaTeX Font Info:    Font shape `T1/phv/b/n' will be
(Font)              scaled to size 10.79993pt on input line 13.
LaTeX Font Info:    Trying to load font information for TS1+phv on input line 16.
 (/usr/share/texlive/texmf-dist/tex/latex/psnfss/ts1phv.fd
File: ts1phv.fd 2001/06/04 scalable font definitions for TS1/phv.
)
LaTeX Font Info:    Font shape `TS1/phv/m/n' will be
(Font)              scaled to size 8.99994pt on input line 16.
LaTeX Font Info:    Font shape `T1/phv/m/n' will be
(Font)              scaled to size 8.09995pt on input line 17.
LaTeX Font Info:    Font shape `T1/phv/m/it' in size <9> not available
(Font)              Font shape `T1/phv/m/sl' tried instead on input line 17.
LaTeX Font Info:    Font shape `T1/phv/m/sl' will be
(Font)              scaled to size 8.09995pt on input line 17.
LaTeX Font Info:    Font shape `T1/phv/m/it' in size <7> not available
(Font)              Font shape `T1/phv/m/sl' tried instead on input line 17.
LaTeX Font Info:    Font shape `T1/phv/m/sl' will be
(Font)              scaled to size 6.29996pt on input line 17.

Underfull \hbox (badness 10000) in paragraph at lines 25--27
[]\T1/phv/m/n/10 Argument$\OML/cmm/m/it/10 <$ \T1/phv/m/n/10 dou-ble $\OML/cmm/m/it/10 >$ [] \T1/phv/m/n/10 = Argument$\OML/cmm/m/it/10 <$\T1/phv/m/n/10 double$\OML/cmm/m/it/10 >$\T1/phv/m/n/10 (100,"isochrone-mag-
 []

[7]
Overfull \hbox (36.80101pt too wide) in paragraph at lines 62--63
\T1/pcr/m/n/8 Argument$\OML/cmm/m/it/8 <$\T1/pcr/m/n/8 int$\OML/cmm/m/it/8 >$ \T1/pcr/m/n/8 Catalogue[]Values[]::[]Azimuthal[]Resolution = Argument$\OML/cmm/m/it/8 <$\T1/pcr/m/n/8 int$\OML/cmm/m/it/8 >$\T1/pcr/m/n/8 (360,"isochrone-radial-resolution") 
 []


Overfull \hbox (94.40105pt too wide) in paragraph at lines 68--69
\T1/pcr/m/n/8 Argument$\OML/cmm/m/it/8 <$\T1/pcr/m/n/8 double$\OML/cmm/m/it/8 >$ \T1/pcr/m/n/8 Catalogue[]Values[]::[]Isochrone[]Magnitude[]Resolution = Argument$\OML/cmm/m/it/8 <$\T1/pcr/m/n/8 double$\OML/cmm/m/it/8 >$\T1/pcr/m/n/8 (100,"isochrone-mag-resolution") 
 []


Overfull \hbox (41.60101pt too wide) in paragraph at lines 108--109
\T1/pcr/m/n/8 Argument$\OML/cmm/m/it/8 <$\T1/pcr/m/n/8 double$\OML/cmm/m/it/8 >$ \T1/pcr/m/n/8 Catalogue[]Values[]::[]Vertical[]Height[]Power = Argument$\OML/cmm/m/it/8 <$\T1/pcr/m/n/8 double$\OML/cmm/m/it/8 >$\T1/pcr/m/n/8 (0.[]66,"vertical-height-power") 
 []

[8]
Overfull \hbox (56.00102pt too wide) in paragraph at lines 114--115
\T1/pcr/m/n/8 Argument$\OML/cmm/m/it/8 <$\T1/pcr/m/n/8 double$\OML/cmm/m/it/8 >$ \T1/pcr/m/n/8 Catalogue[]Values[]::[]Vertical[]Height[]Scaling = Argument$\OML/cmm/m/it/8 <$\T1/pcr/m/n/8 double$\OML/cmm/m/it/8 >$\T1/pcr/m/n/8 (0.[]3,"vertical-height-scaling") 
 []


Overfull \hbox (27.201pt too wide) in paragraph at lines 120--121
\T1/pcr/m/n/8 Argument$\OML/cmm/m/it/8 <$\T1/pcr/m/n/8 double$\OML/cmm/m/it/8 >$ \T1/pcr/m/n/8 Catalogue[]Values[]::[]Vertical[]Height[]Start = Argument$\OML/cmm/m/it/8 <$\T1/pcr/m/n/8 double$\OML/cmm/m/it/8 >$\T1/pcr/m/n/8 (0.[]05,"vertical-height-z0") 
 []

) (/home/jenny/Documents/PhD/RAMICES/Update_Jack/reset-delete/RAMICES_II/docs/dox/latex/classElementValues.tex
File: classElementValues.pdf Graphic file (type pdf)
<use classElementValues.pdf>
 [9]
LaTeX Font Info:    Font shape `T1/pcr/m/it' in size <8> not available
(Font)              Font shape `T1/pcr/m/sl' tried instead on input line 76.
LaTeX Font Info:    Font shape `T1/pcr/m/it' in size <7> not available
(Font)              Font shape `T1/pcr/m/sl' tried instead on input line 76.
 [10]
Underfull \hbox (badness 10000) in paragraph at lines 109--110
\T1/pcr/m/n/8 Argument$\OML/cmm/m/it/8 <$\T1/pcr/m/n/8 std[]::string$\OML/cmm/m/it/8 >$ \T1/pcr/m/n/8 Element[]Values[]::[]Solar[]Abundance[]File = Argument$\OML/cmm/m/it/8 <$\T1/pcr/m/n/8 std[]::string$\OML/cmm/m/it/8 >$\T1/pcr/m/n/8 ("Chemical[]
 []


Overfull \hbox (32.001pt too wide) in paragraph at lines 119--120
\T1/pcr/m/n/8 Argument$\OML/cmm/m/it/8 <$\T1/pcr/m/n/8 int$\OML/cmm/m/it/8 >$ \T1/pcr/m/n/8 Element[]Values[]::[]Solar[]Abundance[]File[]Data[]Column = Argument$\OML/cmm/m/it/8 <$\T1/pcr/m/n/8 int$\OML/cmm/m/it/8 >$\T1/pcr/m/n/8 (3,"solar-values-data-col") 
 []


Overfull \hbox (32.001pt too wide) in paragraph at lines 129--130
\T1/pcr/m/n/8 Argument$\OML/cmm/m/it/8 <$\T1/pcr/m/n/8 int$\OML/cmm/m/it/8 >$ \T1/pcr/m/n/8 Element[]Values[]::[]Solar[]Abundance[]File[]Name[]Column = Argument$\OML/cmm/m/it/8 <$\T1/pcr/m/n/8 int$\OML/cmm/m/it/8 >$\T1/pcr/m/n/8 (0,"solar-values-name-col") 
 []

[11]) (/home/jenny/Documents/PhD/RAMICES/Update_Jack/reset-delete/RAMICES_II/docs/dox/latex/classGalaxy.tex [12] [13] [14] [15] [16] [17] [18] [19]) (/home/jenny/Documents/PhD/RAMICES/Update_Jack/reset-delete/RAMICES_II/docs/dox/latex/classGalaxyValues.tex
File: classGalaxyValues.pdf Graphic file (type pdf)
<use classGalaxyValues.pdf>
 [20] [21]
LaTeX Font Info:    Font shape `T1/phv/m/it' in size <10> not available
(Font)              Font shape `T1/phv/m/sl' tried instead on input line 104.
LaTeX Font Info:    Font shape `T1/phv/m/sl' will be
(Font)              scaled to size 8.99994pt on input line 104.
 [22] [23] [24]
Overfull \hbox (17.601pt too wide) in paragraph at lines 299--300
\T1/pcr/m/n/8 Argument$\OML/cmm/m/it/8 <$\T1/pcr/m/n/8 double$\OML/cmm/m/it/8 >$ \T1/pcr/m/n/8 Galaxy[]Values[]::[]Scale[]Length[]Final[]Time = Argument$\OML/cmm/m/it/8 <$\T1/pcr/m/n/8 double$\OML/cmm/m/it/8 >$\T1/pcr/m/n/8 (12.[]0,"scale-length-final") 
 []

[25]
Overfull \hbox (17.601pt too wide) in paragraph at lines 319--320
\T1/pcr/m/n/8 Argument$\OML/cmm/m/it/8 <$\T1/pcr/m/n/8 bool$\OML/cmm/m/it/8 >$ \T1/pcr/m/n/8 Galaxy[]Values[]::[]Using[]Variable[]Ring[]Width = Argument$\OML/cmm/m/it/8 <$\T1/pcr/m/n/8 bool$\OML/cmm/m/it/8 >$\T1/pcr/m/n/8 (false,"variable-ring-width") 
 []

) (/home/jenny/Documents/PhD/RAMICES/Update_Jack/reset-delete/RAMICES_II/docs/dox/latex/classGas.tex
LaTeX Font Info:    Font shape `TS1/phv/m/it' in size <9> not available
(Font)              Font shape `TS1/phv/m/sl' tried instead on input line 21.
LaTeX Font Info:    Font shape `TS1/phv/m/sl' will be
(Font)              scaled to size 8.09995pt on input line 21.
 [26]
LaTeX Font Info:    Font shape `T1/phv/b/n' will be
(Font)              scaled to size 7.19995pt on input line 52.
LaTeX Font Info:    Font shape `T1/phv/bc/n' will be
(Font)              scaled to size 8.99994pt on input line 84.

Underfull \hbox (badness 10000) detected at line 84
[][][]
 []

[27]
Underfull \hbox (badness 10000) detected at line 93
[][][]
 []


Underfull \hbox (badness 10000) detected at line 108
[][][]
 []


Underfull \hbox (badness 10000) detected at line 127
[][][]
 []

[28]) (/home/jenny/Documents/PhD/RAMICES/Update_Jack/reset-delete/RAMICES_II/docs/dox/latex/classGasReservoir.tex [29] [30] [31]
Underfull \hbox (badness 3168) in paragraph at lines 124--125
[]\T1/phv/m/n/10 Transfer the con-tents of the in-put stream into the el-e-ment of [] in-di-cated by the in-put\TS1/phv/m/n/10 '\T1/phv/m/n/10 s
 []

[32]
Underfull \hbox (badness 10000) detected at line 177
[][][]
 []


Underfull \hbox (badness 845) in paragraph at lines 178--179
[]\T1/phv/m/n/10 The cur-rent to-tal cold-gas mass of the reser-voir, the sum of [] calls over the
 []

[33]
Underfull \hbox (badness 10000) detected at line 234
[][][]
 []


Underfull \hbox (badness 10000) detected at line 243
[][][]
 []

[34] [35]) (/home/jenny/Documents/PhD/RAMICES/Update_Jack/reset-delete/RAMICES_II/docs/dox/latex/classGasStream.tex [36] [37] [38] [39] [40]
Underfull \hbox (badness 10000) detected at line 232
[][][]
 []

[41] [42]
Underfull \hbox (badness 10000) detected at line 345
[][][]
 []

[43]
Underfull \hbox (badness 10000) detected at line 368
[][][]
 []

[44]) (/home/jenny/Documents/PhD/RAMICES/Update_Jack/reset-delete/RAMICES_II/docs/dox/latex/classGlobalParameters.tex [45]
Overfull \hbox (147.9408pt too wide) in paragraph at lines 44--45
[]\T1/phv/m/n/10 std[]::vector$\OML/cmm/m/it/10 <$ [] $\OMS/cmsy/m/n/10 ^^C$ $\OML/cmm/m/it/10 >$ [] \T1/phv/m/n/10 = {&[],&[],&[],&[],&[],&[],&[],&[],&[],&[]} 
 []

[46] [47]
Overfull \hbox (258.2288pt too wide) in paragraph at lines 152--153
\T1/pcr/m/n/8 std[]::vector$\OML/cmm/m/it/8 <$[] $\OMS/cmsy/m/n/8 ^^C$$\OML/cmm/m/it/8 >$ \T1/pcr/m/n/8 Global[]Parameters[]::[]Param[]Members = {&[],&[],&[],&[],&[],&[],&[],&[],&[],&[]} 
 []

[48]) (/home/jenny/Documents/PhD/RAMICES/Update_Jack/reset-delete/RAMICES_II/docs/dox/latex/classIMF__Functor.tex [49] [50]) (/home/jenny/Documents/PhD/RAMICES/Update_Jack/reset-delete/RAMICES_II/docs/dox/latex/classInitialisedData.tex [51] [52] [53] [54]) (/home/jenny/Documents/PhD/RAMICES/Update_Jack/reset-delete/RAMICES_II/docs/dox/latex/structIntegral.tex [55]) (/home/jenny/Documents/PhD/RAMICES/Update_Jack/reset-delete/RAMICES_II/docs/dox/latex/structInterpolator.tex [56]) (/home/jenny/Documents/PhD/RAMICES/Update_Jack/reset-delete/RAMICES_II/docs/dox/latex/structIsochroneCube.tex [57]) (/home/jenny/Documents/PhD/RAMICES/Update_Jack/reset-delete/RAMICES_II/docs/dox/latex/structIsochroneEntry.tex [58]) (/home/jenny/Documents/PhD/RAMICES/Update_Jack/reset-delete/RAMICES_II/docs/dox/latex/classIsochroneTracker.tex [59] [60] [61]
Overfull \hbox (20.1593pt too wide) in paragraph at lines 159--160
\T1/pcr/m/n/8 std[]::vector$\OML/cmm/m/it/8 <$\T1/pcr/m/n/8 std[]::vector$\OML/cmm/m/it/8 <$\T1/pcr/m/n/8 std[]::vector$\OML/cmm/m/it/8 <$[]$>$ $>$ $>$ \T1/pcr/m/n/8 Isochrone[]Tracker[]::[]Unsorted[]Grid [private] 
 []

[62]) (/home/jenny/Documents/PhD/RAMICES/Update_Jack/reset-delete/RAMICES_II/docs/dox/latex/classIsoMass.tex [63] [64]) (/home/jenny/Documents/PhD/RAMICES/Update_Jack/reset-delete/RAMICES_II/docs/dox/latex/structMassReport.tex) (/home/jenny/Documents/PhD/RAMICES/Update_Jack/reset-delete/RAMICES_II/docs/dox/latex/classMetaValues.tex [65]
File: classMetaValues.pdf Graphic file (type pdf)
<use classMetaValues.pdf>
 [66] [67]) (/home/jenny/Documents/PhD/RAMICES/Update_Jack/reset-delete/RAMICES_II/docs/dox/latex/classMigrationMatrix.tex [68] [69]) (/home/jenny/Documents/PhD/RAMICES/Update_Jack/reset-delete/RAMICES_II/docs/dox/latex/classMigrationValues.tex
File: classMigrationValues.pdf Graphic file (type pdf)
<use classMigrationValues.pdf>
 [70]
Overfull \hbox (32.001pt too wide) in paragraph at lines 74--75
\T1/pcr/m/n/8 Argument$\OML/cmm/m/it/8 <$\T1/pcr/m/n/8 double$\OML/cmm/m/it/8 >$ \T1/pcr/m/n/8 Migration[]Values[]::[]Dispersion[]Truncation = Argument$\OML/cmm/m/it/8 <$\T1/pcr/m/n/8 double$\OML/cmm/m/it/8 >$\T1/pcr/m/n/8 (1e-10,"mixing-truncation") 
 []

[71]
Overfull \hbox (32.001pt too wide) in paragraph at lines 110--111
\T1/pcr/m/n/8 Argument$\OML/cmm/m/it/8 <$\T1/pcr/m/n/8 double$\OML/cmm/m/it/8 >$ \T1/pcr/m/n/8 Migration[]Values[]::[]Markov[]Dispersion[]Strength = Argument$\OML/cmm/m/it/8 <$\T1/pcr/m/n/8 double$\OML/cmm/m/it/8 >$\T1/pcr/m/n/8 (0.[]2,"mixing-strength") 
 []

) (/home/jenny/Documents/PhD/RAMICES/Update_Jack/reset-delete/RAMICES_II/docs/dox/latex/classOutputValues.tex
File: classOutputValues.pdf Graphic file (type pdf)
<use classOutputValues.pdf>
 [72] [73]
Underfull \hbox (badness 10000) in paragraph at lines 99--100
\T1/pcr/m/n/8 Argument$\OML/cmm/m/it/8 <$\T1/pcr/m/n/8 std[]::string$\OML/cmm/m/it/8 >$ \T1/pcr/m/n/8 Output[]Values[]::[]Chemical[]Prefactor = Argument$\OML/cmm/m/it/8 <$\T1/pcr/m/n/8 std[]::string$\OML/cmm/m/it/8 >$\T1/pcr/m/n/8 ("Enrichment[]_[]
 []


Overfull \hbox (70.40103pt too wide) in paragraph at lines 109--110
\T1/pcr/m/n/8 Argument$\OML/cmm/m/it/8 <$\T1/pcr/m/n/8 std[]::string$\OML/cmm/m/it/8 >$ \T1/pcr/m/n/8 Output[]Values[]::[]Cold[]Gas[]Data[]File = Argument$\OML/cmm/m/it/8 <$\T1/pcr/m/n/8 std[]::string$\OML/cmm/m/it/8 >$\T1/pcr/m/n/8 ("Cold[]Gas.[]dat","enrichment-cold") 
 []

[74]
Overfull \hbox (56.00102pt too wide) in paragraph at lines 129--130
\T1/pcr/m/n/8 Argument$\OML/cmm/m/it/8 <$\T1/pcr/m/n/8 std[]::string$\OML/cmm/m/it/8 >$ \T1/pcr/m/n/8 Output[]Values[]::[]Event[]Rate[]File = Argument$\OML/cmm/m/it/8 <$\T1/pcr/m/n/8 std[]::string$\OML/cmm/m/it/8 >$\T1/pcr/m/n/8 ("Events.[]dat","event-rate-file") 
 []


Overfull \hbox (56.00102pt too wide) in paragraph at lines 135--136
\T1/pcr/m/n/8 Argument$\OML/cmm/m/it/8 <$\T1/pcr/m/n/8 std[]::string$\OML/cmm/m/it/8 >$ \T1/pcr/m/n/8 Output[]Values[]::[]Galaxy[]Mass[]File = Argument$\OML/cmm/m/it/8 <$\T1/pcr/m/n/8 std[]::string$\OML/cmm/m/it/8 >$\T1/pcr/m/n/8 ("Mass.[]dat","galaxy-mass-file") 
 []


Overfull \hbox (56.00102pt too wide) in paragraph at lines 145--146
\T1/pcr/m/n/8 Argument$\OML/cmm/m/it/8 <$\T1/pcr/m/n/8 std[]::string$\OML/cmm/m/it/8 >$ \T1/pcr/m/n/8 Output[]Values[]::[]Hot[]Gas[]Data[]File = Argument$\OML/cmm/m/it/8 <$\T1/pcr/m/n/8 std[]::string$\OML/cmm/m/it/8 >$\T1/pcr/m/n/8 ("Hot[]Gas.[]dat","enrichment-hot") 
 []

[75]
Underfull \hbox (badness 10000) in paragraph at lines 177--178
\T1/pcr/m/n/8 Argument$\OML/cmm/m/it/8 <$\T1/pcr/m/n/8 std[]::string$\OML/cmm/m/it/8 >$ \T1/pcr/m/n/8 Output[]Values[]::[]Star[]File = Argument$\OML/cmm/m/it/8 <$\T1/pcr/m/n/8 std[]::string$\OML/cmm/m/it/8 >$\T1/pcr/m/n/8 ("Stellar[]Catalogue.[]
 []

) (/home/jenny/Documents/PhD/RAMICES/Update_Jack/reset-delete/RAMICES_II/docs/dox/latex/classParamList.tex
File: classParamList.pdf Graphic file (type pdf)
<use classParamList.pdf>
 [76] [77]) (/home/jenny/Documents/PhD/RAMICES/Update_Jack/reset-delete/RAMICES_II/docs/dox/latex/structRemnantOutput.tex [78]) (/home/jenny/Documents/PhD/RAMICES/Update_Jack/reset-delete/RAMICES_II/docs/dox/latex/classRemnantPopulation.tex [79] [80] [81]) (/home/jenny/Documents/PhD/RAMICES/Update_Jack/reset-delete/RAMICES_II/docs/dox/latex/classResourceValues.tex
File: classResourceValues.pdf Graphic file (type pdf)
<use classResourceValues.pdf>
 [82]
Overfull \hbox (56.00102pt too wide) in paragraph at lines 73--74
\T1/pcr/m/n/8 Argument$\OML/cmm/m/it/8 <$\T1/pcr/m/n/8 std[]::string$\OML/cmm/m/it/8 >$ \T1/pcr/m/n/8 Resource[]Values[]::[]Isochrone[]Directory = Argument$\OML/cmm/m/it/8 <$\T1/pcr/m/n/8 std[]::string$\OML/cmm/m/it/8 >$\T1/pcr/m/n/8 ("Isochrones/","iso-dir") 
 []


Underfull \hbox (badness 10000) in paragraph at lines 79--80
\T1/pcr/m/n/8 Argument$\OML/cmm/m/it/8 <$\T1/pcr/m/n/8 std[]::string$\OML/cmm/m/it/8 >$ \T1/pcr/m/n/8 Resource[]Values[]::[]Isochrone[]Repository = Argument$\OML/cmm/m/it/8 <$\T1/pcr/m/n/8 std[]::string$\OML/cmm/m/it/8 >$\T1/pcr/m/n/8 ("New[]
 []


Underfull \hbox (badness 10000) in paragraph at lines 85--86
\T1/pcr/m/n/8 Argument$\OML/cmm/m/it/8 <$\T1/pcr/m/n/8 std[]::string$\OML/cmm/m/it/8 >$ \T1/pcr/m/n/8 Resource[]Values[]::[]Life[]Time[]File = Argument$\OML/cmm/m/it/8 <$\T1/pcr/m/n/8 std[]::string$\OML/cmm/m/it/8 >$\T1/pcr/m/n/8 ("Lifetime[]Grid.[]
 []

[83]
Overfull \hbox (27.201pt too wide) in paragraph at lines 91--92
\T1/pcr/m/n/8 Argument$\OML/cmm/m/it/8 <$\T1/pcr/m/n/8 std[]::string$\OML/cmm/m/it/8 >$ \T1/pcr/m/n/8 Resource[]Values[]::[]Resource[]Root = Argument$\OML/cmm/m/it/8 <$\T1/pcr/m/n/8 std[]::string$\OML/cmm/m/it/8 >$\T1/pcr/m/n/8 ("Resources/","resource") 
 []


Overfull \hbox (46.40102pt too wide) in paragraph at lines 101--102
\T1/pcr/m/n/8 Argument$\OML/cmm/m/it/8 <$\T1/pcr/m/n/8 std[]::string$\OML/cmm/m/it/8 >$ \T1/pcr/m/n/8 Resource[]Values[]::[]Welcome[]File = Argument$\OML/cmm/m/it/8 <$\T1/pcr/m/n/8 std[]::string$\OML/cmm/m/it/8 >$\T1/pcr/m/n/8 ("welcome.[]dat","welcome-file") 
 []


Overfull \hbox (36.80101pt too wide) in paragraph at lines 111--112
\T1/pcr/m/n/8 Argument$\OML/cmm/m/it/8 <$\T1/pcr/m/n/8 std[]::string$\OML/cmm/m/it/8 >$ \T1/pcr/m/n/8 Resource[]Values[]::[]Yield[]Root = Argument$\OML/cmm/m/it/8 <$\T1/pcr/m/n/8 std[]::string$\OML/cmm/m/it/8 >$\T1/pcr/m/n/8 ("Chemical[]Data/","yield-root") 
 []

) (/home/jenny/Documents/PhD/RAMICES/Update_Jack/reset-delete/RAMICES_II/docs/dox/latex/classRing.tex [84] [85] [86] [87] [88]) (/home/jenny/Documents/PhD/RAMICES/Update_Jack/reset-delete/RAMICES_II/docs/dox/latex/classSimpleYield.tex [89] [90]) (/home/jenny/Documents/PhD/RAMICES/Update_Jack/reset-delete/RAMICES_II/docs/dox/latex/classSLF__Functor.tex [91] [92]) (/home/jenny/Documents/PhD/RAMICES/Update_Jack/reset-delete/RAMICES_II/docs/dox/latex/classStarEvents.tex [93] [94] [95]) (/home/jenny/Documents/PhD/RAMICES/Update_Jack/reset-delete/RAMICES_II/docs/dox/latex/classStarReservoir.tex [96] [97] [98] [99]) (/home/jenny/Documents/PhD/RAMICES/Update_Jack/reset-delete/RAMICES_II/docs/dox/latex/classStellarPopulation.tex [100] [101] [102] [103] [104] [105]) (/home/jenny/Documents/PhD/RAMICES/Update_Jack/reset-delete/RAMICES_II/docs/dox/latex/classStellarValues.tex [106]
File: classStellarValues.pdf Graphic file (type pdf)
<use classStellarValues.pdf>
 [107] [108] [109] [110]) (/home/jenny/Documents/PhD/RAMICES/Update_Jack/reset-delete/RAMICES_II/docs/dox/latex/classThermalValues.tex
File: classThermalValues.pdf Graphic file (type pdf)
<use classThermalValues.pdf>
 [111] [112] [113]) (/home/jenny/Documents/PhD/RAMICES/Update_Jack/reset-delete/RAMICES_II/docs/dox/latex/structYieldBracket.tex [114] [115]) (/home/jenny/Documents/PhD/RAMICES/Update_Jack/reset-delete/RAMICES_II/docs/dox/latex/classYieldGrid.tex [116] [117] [118] [119] [120]) (/home/jenny/Documents/PhD/RAMICES/Update_Jack/reset-delete/RAMICES_II/docs/dox/latex/structYieldPoint.tex [121]) (/home/jenny/Documents/PhD/RAMICES/Update_Jack/reset-delete/RAMICES_II/docs/dox/latex/classYieldRidge.tex [122]) (/home/jenny/Documents/PhD/RAMICES/Update_Jack/reset-delete/RAMICES_II/docs/dox/latex/classYieldValues.tex [123]
File: classYieldValues.pdf Graphic file (type pdf)
<use classYieldValues.pdf>
 [124] [125] [126]) [127] [128

]
Chapter 5.
(/home/jenny/Documents/PhD/RAMICES/Update_Jack/reset-delete/RAMICES_II/docs/dox/latex/Galaxy_8h.tex
Underfull \hbox (badness 10000) in paragraph at lines 3--13

 []

[129]) (/home/jenny/Documents/PhD/RAMICES/Update_Jack/reset-delete/RAMICES_II/docs/dox/latex/Galaxy_8h_source.tex [130]) (/home/jenny/Documents/PhD/RAMICES/Update_Jack/reset-delete/RAMICES_II/docs/dox/latex/MigrationMatrix_8h.tex
Underfull \hbox (badness 10000) in paragraph at lines 3--6

 []

) (/home/jenny/Documents/PhD/RAMICES/Update_Jack/reset-delete/RAMICES_II/docs/dox/latex/MigrationMatrix_8h_source.tex) (/home/jenny/Documents/PhD/RAMICES/Update_Jack/reset-delete/RAMICES_II/docs/dox/latex/Ring_8h.tex
Underfull \hbox (badness 10000) in paragraph at lines 3--10

 []

[131]) (/home/jenny/Documents/PhD/RAMICES/Update_Jack/reset-delete/RAMICES_II/docs/dox/latex/Ring_8h_source.tex) (/home/jenny/Documents/PhD/RAMICES/Update_Jack/reset-delete/RAMICES_II/docs/dox/latex/Gas_8h.tex
Underfull \hbox (badness 10000) in paragraph at lines 3--4

 []

[132]) (/home/jenny/Documents/PhD/RAMICES/Update_Jack/reset-delete/RAMICES_II/docs/dox/latex/Gas_8h_source.tex) (/home/jenny/Documents/PhD/RAMICES/Update_Jack/reset-delete/RAMICES_II/docs/dox/latex/GasReservoir_8h.tex
Underfull \hbox (badness 10000) in paragraph at lines 3--7

 []

) (/home/jenny/Documents/PhD/RAMICES/Update_Jack/reset-delete/RAMICES_II/docs/dox/latex/GasReservoir_8h_source.tex [133]) (/home/jenny/Documents/PhD/RAMICES/Update_Jack/reset-delete/RAMICES_II/docs/dox/latex/GasStream_8h.tex
Underfull \hbox (badness 10000) in paragraph at lines 3--5

 []

[134]) (/home/jenny/Documents/PhD/RAMICES/Update_Jack/reset-delete/RAMICES_II/docs/dox/latex/GasStream_8h_source.tex [135]) (/home/jenny/Documents/PhD/RAMICES/Update_Jack/reset-delete/RAMICES_II/docs/dox/latex/EnumSets_8h.tex [136] [137]) (/home/jenny/Documents/PhD/RAMICES/Update_Jack/reset-delete/RAMICES_II/docs/dox/latex/EnumSets_8h_source.tex) (/home/jenny/Documents/PhD/RAMICES/Update_Jack/reset-delete/RAMICES_II/docs/dox/latex/GlobalParameters_8h.tex
Underfull \hbox (badness 10000) in paragraph at lines 3--10

 []

[138]) (/home/jenny/Documents/PhD/RAMICES/Update_Jack/reset-delete/RAMICES_II/docs/dox/latex/GlobalParameters_8h_source.tex [139]) (/home/jenny/Documents/PhD/RAMICES/Update_Jack/reset-delete/RAMICES_II/docs/dox/latex/InitialisedData_8h.tex
Underfull \hbox (badness 10000) in paragraph at lines 3--10

 []

) (/home/jenny/Documents/PhD/RAMICES/Update_Jack/reset-delete/RAMICES_II/docs/dox/latex/InitialisedData_8h_source.tex [140]) (/home/jenny/Documents/PhD/RAMICES/Update_Jack/reset-delete/RAMICES_II/docs/dox/latex/List_8h.tex
Underfull \hbox (badness 10000) in paragraph at lines 3--7

 []

) (/home/jenny/Documents/PhD/RAMICES/Update_Jack/reset-delete/RAMICES_II/docs/dox/latex/List_8h_source.tex) (/home/jenny/Documents/PhD/RAMICES/Update_Jack/reset-delete/RAMICES_II/docs/dox/latex/ParameterLists_8h.tex
Underfull \hbox (badness 10000) in paragraph at lines 3--6

 []

[141]) (/home/jenny/Documents/PhD/RAMICES/Update_Jack/reset-delete/RAMICES_II/docs/dox/latex/ParameterLists_8h_source.tex [142] [143] [144] [145]
Overfull \hbox (351.1553pt too wide) in paragraph at lines 308--308
\T1/pcr/m/n/7 {&[],&[],&[],&[],&[],&[],&[],&[],&[]};  
 []

[146]) (/home/jenny/Documents/PhD/RAMICES/Update_Jack/reset-delete/RAMICES_II/docs/dox/latex/IMF_8h.tex
Underfull \hbox (badness 10000) in paragraph at lines 3--4

 []

) (/home/jenny/Documents/PhD/RAMICES/Update_Jack/reset-delete/RAMICES_II/docs/dox/latex/IMF_8h_source.tex) (/home/jenny/Documents/PhD/RAMICES/Update_Jack/reset-delete/RAMICES_II/docs/dox/latex/IsochroneTracker_8h.tex
Underfull \hbox (badness 10000) in paragraph at lines 3--6

 []

[147]
Underfull \hbox (badness 1184) in paragraph at lines 40--41
[]\T1/phv/m/n/10 const std[]::vector$\OML/cmm/m/it/10 <$ \T1/phv/m/n/10 std[]::string $\OML/cmm/m/it/10 >$ [] \T1/phv/m/n/10 = {"logL", "[]", "[]","[]","[]",
 []


Overfull \vbox (67.51704pt too high) has occurred while \output is active []

 [148]
Underfull \hbox (badness 10000) in paragraph at lines 112--113
\T1/pcr/m/n/8 const std[]::vector$\OML/cmm/m/it/8 <$\T1/pcr/m/n/8 std[]::string$\OML/cmm/m/it/8 >$ \T1/pcr/m/n/8 Property[]Names = {"logL", "[]", "[]","[]","[]",
 []

) (/home/jenny/Documents/PhD/RAMICES/Update_Jack/reset-delete/RAMICES_II/docs/dox/latex/IsochroneTracker_8h_source.tex [149]) (/home/jenny/Documents/PhD/RAMICES/Update_Jack/reset-delete/RAMICES_II/docs/dox/latex/RemnantPopulation_8h.tex
Underfull \hbox (badness 10000) in paragraph at lines 3--7

 []

) (/home/jenny/Documents/PhD/RAMICES/Update_Jack/reset-delete/RAMICES_II/docs/dox/latex/RemnantPopulation_8h_source.tex) (/home/jenny/Documents/PhD/RAMICES/Update_Jack/reset-delete/RAMICES_II/docs/dox/latex/SLF_8h.tex
Underfull \hbox (badness 10000) in paragraph at lines 3--5

 []

[150]) (/home/jenny/Documents/PhD/RAMICES/Update_Jack/reset-delete/RAMICES_II/docs/dox/latex/SLF_8h_source.tex) (/home/jenny/Documents/PhD/RAMICES/Update_Jack/reset-delete/RAMICES_II/docs/dox/latex/StarEvents_8h.tex
Underfull \hbox (badness 10000) in paragraph at lines 3--4

 []

) (/home/jenny/Documents/PhD/RAMICES/Update_Jack/reset-delete/RAMICES_II/docs/dox/latex/StarEvents_8h_source.tex [151]) (/home/jenny/Documents/PhD/RAMICES/Update_Jack/reset-delete/RAMICES_II/docs/dox/latex/StarReservoir_8h.tex
Underfull \hbox (badness 10000) in paragraph at lines 3--13

 []

) (/home/jenny/Documents/PhD/RAMICES/Update_Jack/reset-delete/RAMICES_II/docs/dox/latex/StarReservoir_8h_source.tex [152]) (/home/jenny/Documents/PhD/RAMICES/Update_Jack/reset-delete/RAMICES_II/docs/dox/latex/StellarPopulation_8h.tex
Underfull \hbox (badness 10000) in paragraph at lines 3--11

 []

) (/home/jenny/Documents/PhD/RAMICES/Update_Jack/reset-delete/RAMICES_II/docs/dox/latex/StellarPopulation_8h_source.tex [153]) (/home/jenny/Documents/PhD/RAMICES/Update_Jack/reset-delete/RAMICES_II/docs/dox/latex/SimpleYield_8h.tex
Underfull \hbox (badness 10000) in paragraph at lines 3--5

 []

[154]) (/home/jenny/Documents/PhD/RAMICES/Update_Jack/reset-delete/RAMICES_II/docs/dox/latex/SimpleYield_8h_source.tex) (/home/jenny/Documents/PhD/RAMICES/Update_Jack/reset-delete/RAMICES_II/docs/dox/latex/YieldGrid_8h.tex
Underfull \hbox (badness 10000) in paragraph at lines 3--6

 []

) (/home/jenny/Documents/PhD/RAMICES/Update_Jack/reset-delete/RAMICES_II/docs/dox/latex/YieldGrid_8h_source.tex [155]) (/home/jenny/Documents/PhD/RAMICES/Update_Jack/reset-delete/RAMICES_II/docs/dox/latex/YieldRidge_8h.tex
Underfull \hbox (badness 10000) in paragraph at lines 3--4

 []

[156]) (/home/jenny/Documents/PhD/RAMICES/Update_Jack/reset-delete/RAMICES_II/docs/dox/latex/YieldRidge_8h_source.tex) [157] [158

] (/home/jenny/Documents/PhD/RAMICES/Update_Jack/reset-delete/RAMICES_II/docs/dox/latex/refman.ind
Overfull \hbox (39.77708pt too wide) in paragraph at lines 3--5
[]\T1/phv/m/n/10 /Users/jf20/Documents/Physics/RAMICES_II/src/Galaxy/Galaxy.h,
 []


Overfull \hbox (74.12926pt too wide) in paragraph at lines 5--7
[]\T1/phv/m/n/10 /Users/jf20/Documents/Physics/RAMICES_II/src/Galaxy/MigrationMatrix.h,
 []


Overfull \hbox (31.17322pt too wide) in paragraph at lines 7--9
[]\T1/phv/m/n/10 /Users/jf20/Documents/Physics/RAMICES_II/src/Galaxy/Ring.h,
 []


Overfull \hbox (17.53851pt too wide) in paragraph at lines 9--11
[]\T1/phv/m/n/10 /Users/jf20/Documents/Physics/RAMICES_II/src/Gas/Gas.h,
 []


Overfull \hbox (55.76974pt too wide) in paragraph at lines 11--13
[]\T1/phv/m/n/10 /Users/jf20/Documents/Physics/RAMICES_II/src/Gas/GasReservoir.h,
 []


Overfull \hbox (46.67986pt too wide) in paragraph at lines 13--15
[]\T1/phv/m/n/10 /Users/jf20/Documents/Physics/RAMICES_II/src/Gas/GasStream.h,
 []


Overfull \hbox (72.01451pt too wide) in paragraph at lines 15--17
[]\T1/phv/m/n/10 /Users/jf20/Documents/Physics/RAMICES_II/src/Parameters/EnumSets.h,
 []


Overfull \hbox (102.65897pt too wide) in paragraph at lines 17--19
[]\T1/phv/m/n/10 /Users/jf20/Documents/Physics/RAMICES_II/src/Parameters/GlobalParameters.h,
 []


Overfull \hbox (87.242pt too wide) in paragraph at lines 19--21
[]\T1/phv/m/n/10 /Users/jf20/Documents/Physics/RAMICES_II/src/Parameters/InitialisedData.h,
 []


Overfull \hbox (44.7269pt too wide) in paragraph at lines 21--23
[]\T1/phv/m/n/10 /Users/jf20/Documents/Physics/RAMICES_II/src/Parameters/List.h,
 []


Overfull \hbox (90.6532pt too wide) in paragraph at lines 23--25
[]\T1/phv/m/n/10 /Users/jf20/Documents/Physics/RAMICES_II/src/Parameters/ParameterLists.h,
 []


Overfull \hbox (19.81529pt too wide) in paragraph at lines 25--27
[]\T1/phv/m/n/10 /Users/jf20/Documents/Physics/RAMICES_II/src/Stars/IMF.h,
 []


Overfull \hbox (73.70651pt too wide) in paragraph at lines 27--29
[]\T1/phv/m/n/10 /Users/jf20/Documents/Physics/RAMICES_II/src/Stars/IsochroneTracker.h,
 []


Overfull \hbox (84.254pt too wide) in paragraph at lines 29--31
[]\T1/phv/m/n/10 /Users/jf20/Documents/Physics/RAMICES_II/src/Stars/RemnantPopulation.h,
 []


Overfull \hbox (20.82329pt too wide) in paragraph at lines 31--33
[]\T1/phv/m/n/10 /Users/jf20/Documents/Physics/RAMICES_II/src/Stars/SLF.h,
 []


Overfull \hbox (49.32576pt too wide) in paragraph at lines 33--35
[]\T1/phv/m/n/10 /Users/jf20/Documents/Physics/RAMICES_II/src/Stars/StarEvents.h,
 []


Overfull \hbox (60.26947pt too wide) in paragraph at lines 35--37
[]\T1/phv/m/n/10 /Users/jf20/Documents/Physics/RAMICES_II/src/Stars/StarReservoir.h,
 []


Overfull \hbox (73.24709pt too wide) in paragraph at lines 37--39
[]\T1/phv/m/n/10 /Users/jf20/Documents/Physics/RAMICES_II/src/Stars/StellarPopulation.h,
 []


Overfull \hbox (56.31873pt too wide) in paragraph at lines 39--41
[]\T1/phv/m/n/10 /Users/jf20/Documents/Physics/RAMICES_II/src/Yields/SimpleYield.h,
 []


Overfull \hbox (45.95078pt too wide) in paragraph at lines 41--43
[]\T1/phv/m/n/10 /Users/jf20/Documents/Physics/RAMICES_II/src/Yields/YieldGrid.h,
 []


Overfull \hbox (52.1879pt too wide) in paragraph at lines 43--45
[]\T1/phv/m/n/10 /Users/jf20/Documents/Physics/RAMICES_II/src/Yields/YieldRidge.h,
 []

[159


] [160] [161] [162] [163] [164] [165] [166] [167] [168] [169] [170] [171] [172])
Package atveryend Info: Empty hook `BeforeClearDocument' on input line 275.
Package atveryend Info: Empty hook `AfterLastShipout' on input line 275.
 (/home/jenny/Documents/PhD/RAMICES/Update_Jack/reset-delete/RAMICES_II/docs/dox/latex/refman.aux)
Package atveryend Info: Empty hook `AtVeryEndDocument' on input line 275.
Package atveryend Info: Executing hook `AtEndAfterFileList' on input line 275.
Package rerunfilecheck Info: File `refman.out' has not changed.
(rerunfilecheck)             Checksum: DFE96A5223A3952286C665C2F5297787;150984.
 ) 
Here is how much of TeX's memory you used:
 17886 strings out of 479819
 303759 string characters out of 5895847
 906508 words of memory out of 5000000
 34527 multiletter control sequences out of 15000+600000
 581781 words of font info for 89 fonts, out of 8000000 for 9000
 1348 hyphenation exceptions out of 8191
 55i,16n,96p,2250b,625s stack positions out of 5000i,500n,10000p,200000b,80000s

Output written on /home/jenny/Documents/PhD/RAMICES/Update_Jack/reset-delete/RAMICES_II/docs/dox/latex/refman.xdv (192 pages, 1713892 bytes).
